This is pdfTeX, Version 3.1415926-1.40.10 (TeX Live 2009/Debian) (format=latex 2012.7.6)  20 DEC 2013 12:25
entering extended mode
 %&-line parsing enabled.
**sfincsPaper
(./sfincsPaper.tex
LaTeX2e <2009/09/24>
Babel <v3.8l> and hyphenation patterns for english, usenglishmax, dumylang, noh
yphenation, loaded.
(./revtex4.cls
Document Class: revtex4 2001/08/03 v4.0 (http://publish.aps.org/revtex4/ for do
cumentation)
 Copyright (c) 2001 The American Physical Society.
 mailto:revtex@aps.org
 Licensed under the LPPL:
http://www.ctan.org/tex-archive/macros/latex/base/lppl.txt
 Arthur Ogawa <ogawa@teleport.com>
 Based on work by David Carlisle <david@dcarlisle.demon.co.uk>.
ltxutil: portions licensed from W. E. Baxter (web@superscript.com)
Class revtex4 Info: Repairing broken LateX \@sect on input line 596.
\intertabularlinepenalty=\count79
\@tbpen=\count80
\@arstrutbox@hline=\box26
Class revtex4 Info: Repairing broken LaTeX \@xbitor on input line 1610.
ltxgrid: portions licensed from W. E. Baxter (web@superscript.com)
\c@linecount=\count81
\output=\toks14
\@protection@box=\box27
\@topmark@saved=\toks15
\footins@saved=\box28
\pagesofar=\box29
\footbox=\box30
\pagegrid@col=\count82
Class revtex4 Info: Incorporating package {textcase}  [1998/11/12 v0.06 Text on
ly upper/lower case changing (DPC)]. on input line 3682.
(/usr/share/texmf-texlive/tex/latex/ltxmisc/url.sty
\Urlmuskip=\muskip10
Package: url 2006/04/12  ver 3.3  Verb mode for urls, etc.
)
\c@affil=\count83
\absbox=\box31
\c@part=\count84
\c@section=\count85
\c@subsection=\count86
\c@subsubsection=\count87
\c@paragraph=\count88
\c@subparagraph=\count89
\abovecaptionskip=\skip41
\belowcaptionskip=\skip42
\c@figure=\count90
\c@table=\count91

(/usr/share/texmf-texlive/tex/latex/natbib/natbib.sty
Package: natbib 2009/07/16 8.31 (PWD, AO)
\bibhang=\skip43
\bibsep=\skip44
LaTeX Info: Redefining \cite on input line 694.
\c@NAT@ctr=\count92
)
\widetext@top=\box32
\widetext@bot=\box33
 (./revsymb.sty
Package: revsymb 2001/08/03 v4.0 (http://publish.aps.org/revtex4/ for documenta
tion)
LaTeX Info: Redefining \REV@mathfrak on input line 118.
))

Class revtex4 Warning: No Society specified, using generic APS style.

(./aps.rtx
File: aps.rtx 2001/08/03 v4.0 (http://publish.aps.org/revtex4/ for documentatio
n)
) (./12pt.rtx
File: 12pt.rtx 2001/08/03 v4.0 (http://publish.aps.org/revtex4/ for documentati
on)
) (/usr/share/texmf-texlive/tex/latex/base/latexsym.sty
Package: latexsym 1998/08/17 v2.2e Standard LaTeX package (lasy symbols)
\symlasy=\mathgroup4
LaTeX Font Info:    Overwriting symbol font `lasy' in version `bold'
(Font)                  U/lasy/m/n --> U/lasy/b/n on input line 47.
) (/usr/share/texmf-texlive/tex/latex/graphics/color.sty
Package: color 2005/11/14 v1.0j Standard LaTeX Color (DPC)

(/etc/texmf/tex/latex/config/color.cfg
File: color.cfg 2007/01/18 v1.5 color configuration of teTeX/TeXLive
)
Package color Info: Driver file: dvips.def on input line 130.

(/usr/share/texmf-texlive/tex/latex/graphics/dvips.def
File: dvips.def 1999/02/16 v3.0i Driver-dependant file (DPC,SPQR)
)
(/usr/share/texmf-texlive/tex/latex/graphics/dvipsnam.def
File: dvipsnam.def 1999/02/16 v3.0i Driver-dependant file (DPC,SPQR)
))
(/usr/share/texmf-texlive/tex/latex/graphics/graphicx.sty
Package: graphicx 1999/02/16 v1.0f Enhanced LaTeX Graphics (DPC,SPQR)

(/usr/share/texmf-texlive/tex/latex/graphics/keyval.sty
Package: keyval 1999/03/16 v1.13 key=value parser (DPC)
\KV@toks@=\toks16
)
(/usr/share/texmf-texlive/tex/latex/graphics/graphics.sty
Package: graphics 2009/02/05 v1.0o Standard LaTeX Graphics (DPC,SPQR)

(/usr/share/texmf-texlive/tex/latex/graphics/trig.sty
Package: trig 1999/03/16 v1.09 sin cos tan (DPC)
)
(/etc/texmf/tex/latex/config/graphics.cfg
File: graphics.cfg 2009/08/28 v1.8 graphics configuration of TeX Live
)
Package graphics Info: Driver file: dvips.def on input line 91.
)
\Gin@req@height=\dimen102
\Gin@req@width=\dimen103
) (./comment.sty
\CommentStream=\write3

Excluding comment 'comment')
(/usr/share/texmf-texlive/tex/latex/amsfonts/amssymb.sty
Package: amssymb 2009/06/22 v3.00

(/usr/share/texmf-texlive/tex/latex/amsfonts/amsfonts.sty
Package: amsfonts 2009/06/22 v3.00 Basic AMSFonts support
\@emptytoks=\toks17
\symAMSa=\mathgroup5
\symAMSb=\mathgroup6
LaTeX Font Info:    Overwriting math alphabet `\mathfrak' in version `bold'
(Font)                  U/euf/m/n --> U/euf/b/n on input line 96.
LaTeX Info: Redefining \frak on input line 99.
LaTeX Info: Redefining \Bbb on input line 101.
))
(/usr/share/texmf-texlive/tex/latex/amsmath/amsmath.sty
Package: amsmath 2000/07/18 v2.13 AMS math features
\@mathmargin=\skip45

For additional information on amsmath, use the `?' option.
(/usr/share/texmf-texlive/tex/latex/amsmath/amstext.sty
Package: amstext 2000/06/29 v2.01

(/usr/share/texmf-texlive/tex/latex/amsmath/amsgen.sty
File: amsgen.sty 1999/11/30 v2.0
\@emptytoks=\toks18
\ex@=\dimen104
))
(/usr/share/texmf-texlive/tex/latex/amsmath/amsbsy.sty
Package: amsbsy 1999/11/29 v1.2d
\pmbraise@=\dimen105
)
(/usr/share/texmf-texlive/tex/latex/amsmath/amsopn.sty
Package: amsopn 1999/12/14 v2.01 operator names
)
\inf@bad=\count93
LaTeX Info: Redefining \frac on input line 211.
\uproot@=\count94
\leftroot@=\count95
LaTeX Info: Redefining \overline on input line 307.
\classnum@=\count96
\DOTSCASE@=\count97
LaTeX Info: Redefining \ldots on input line 379.
LaTeX Info: Redefining \dots on input line 382.
LaTeX Info: Redefining \cdots on input line 467.
\Mathstrutbox@=\box34
\strutbox@=\box35
\big@size=\dimen106
LaTeX Font Info:    Redeclaring font encoding OML on input line 567.
LaTeX Font Info:    Redeclaring font encoding OMS on input line 568.
\macc@depth=\count98
\c@MaxMatrixCols=\count99
\dotsspace@=\muskip11
\c@parentequation=\count100
\dspbrk@lvl=\count101
\tag@help=\toks19
\row@=\count102
\column@=\count103
\maxfields@=\count104
\andhelp@=\toks20
\eqnshift@=\dimen107
\alignsep@=\dimen108
\tagshift@=\dimen109
\tagwidth@=\dimen110
\totwidth@=\dimen111
\lineht@=\dimen112
\@envbody=\toks21
\multlinegap=\skip46
\multlinetaggap=\skip47
\mathdisplay@stack=\toks22
LaTeX Info: Redefining \[ on input line 2666.
LaTeX Info: Redefining \] on input line 2667.
) (./sfincsPaper.aux)
\openout1 = `sfincsPaper.aux'.

LaTeX Font Info:    Checking defaults for OML/cmm/m/it on input line 57.
LaTeX Font Info:    ... okay on input line 57.
LaTeX Font Info:    Checking defaults for T1/cmr/m/n on input line 57.
LaTeX Font Info:    ... okay on input line 57.
LaTeX Font Info:    Checking defaults for OT1/cmr/m/n on input line 57.
LaTeX Font Info:    ... okay on input line 57.
LaTeX Font Info:    Checking defaults for OMS/cmsy/m/n on input line 57.
LaTeX Font Info:    ... okay on input line 57.
LaTeX Font Info:    Checking defaults for OMX/cmex/m/n on input line 57.
LaTeX Font Info:    ... okay on input line 57.
LaTeX Font Info:    Checking defaults for U/cmr/m/n on input line 57.
LaTeX Font Info:    ... okay on input line 57.
Class revtex4 Info: Patching LaTeX tabular. on input line 57.
Class revtex4 Info: cite was not loaded (OK!) on input line 57.
Class revtex4 Info: multicol was not loaded (OK!) on input line 57.
LaTeX Font Info:    Try loading font information for U+lasy on input line 93.

(/usr/share/texmf-texlive/tex/latex/base/ulasy.fd
File: ulasy.fd 1998/08/17 v2.2e LaTeX symbol font definitions
)
LaTeX Font Info:    Try loading font information for U+msa on input line 93.

(/usr/share/texmf-texlive/tex/latex/amsfonts/umsa.fd
File: umsa.fd 2009/06/22 v3.00 AMS symbols A
)
LaTeX Font Info:    Try loading font information for U+msb on input line 93.

(/usr/share/texmf-texlive/tex/latex/amsfonts/umsb.fd
File: umsb.fd 2009/06/22 v3.00 AMS symbols B
)
LaTeX Font Info:    Font shape `U/lasy/b/n' in size <8> not available
(Font)              Font shape `U/lasy/m/n' tried instead on input line 93.
LaTeX Font Info:    Font shape `U/lasy/b/n' in size <6> not available
(Font)              Font shape `U/lasy/m/n' tried instead on input line 93.
 [1] [2] [3] [4] [5]
[6]
Overfull \hbox (14.7377pt too wide) detected at line 425
[] \OMS/cmsy/m/n/12 ^^A [][] \OT1/cmr/m/n/12 + [] [][] + [] [][] \OMS/cmsy/m/n/
12 ^^@ \OML/cmm/m/it/12 C[] \OT1/cmr/m/n/12 = \OMS/cmsy/m/n/12 ^^@\OT1/cmr/m/n/
12 ([][] \OMS/cmsy/m/n/12 ^^A r\OML/cmm/m/it/12  \OT1/cmr/m/n/12 ) [][] + []\OM
L/cmm/m/it/12 v[][]F[]:
 []

[7] [8] [9]
Underfull \hbox (badness 1009) in paragraph at lines 542--556
\OT1/cmr/m/n/12 this par-tial tra-jec-tory model: the $\OML/cmm/m/it/12 d\OT1/c
mr/m/n/12 ^^H[]\OML/cmm/m/it/12 =d  \OT1/cmr/m/n/12 = 0$ so-lu-tion for $\OML/c
mm/m/it/12 f[]$ \OT1/cmr/m/n/12 need not sat-isfy
 []

[10]
Underfull \hbox (badness 3168) in paragraph at lines 575--583
\OT1/cmr/m/n/12 The quan-tity mul-ti-ply-ing $\OML/cmm/m/it/12 d\OT1/cmr/m/n/12
 ^^H[]\OML/cmm/m/it/12 =d $ \OT1/cmr/m/n/12 in (24[]) is pro-por-tional to the 
ra-dial cur-rent
 []

[11] [12] [13]
Underfull \hbox (badness 4291) in paragraph at lines 775--789
[]\OT1/cmr/m/n/12 Several prop-er-ties of the ma-trix $\OML/cmm/m/it/12 L[]$ \O
T1/cmr/m/n/12 are note-wor-thy. Us-ing the prop-erty
 []

[14] [15]
File: m20131202_01_plotSFINCSErComparisonForPaper_LHD.eps Graphic file (type ep
s)
 <m20131202_01_plotSFINCSErComparisonForPaper_LHD.eps>
Overfull \hbox (1.75499pt too wide) in paragraph at lines 859--861
 [][] 
 []


LaTeX Warning: `!h' float specifier changed to `!ht'.

File: m20131205_05_plotSFINCSFortranErComparisonForPaper_W7X.eps Graphic file (
type eps)
<m20131205_05_plotSFINCSFortranErComparisonForPaper_W7X.eps>
Overfull \hbox (0.75124pt too wide) in paragraph at lines 877--878
 [][] 
 []


LaTeX Warning: `!h' float specifier changed to `!ht'.

[16]
File: m20131212_02_PlotSFINCS2SpeciesEScanForPaper.eps Graphic file (type eps)
 <m20131212_02_PlotSFINCS2SpeciesEScanForPaper.eps>

LaTeX Warning: `!h' float specifier changed to `!ht'.

[17] [18] [19] [20]
File: m20131208_01_plotSFINCSFortranAndMatlabNuScansForPaper_LHD.eps Graphic fi
le (type eps)

<m20131208_01_plotSFINCSFortranAndMatlabNuScansForPaper_LHD.eps>

LaTeX Warning: `!h' float specifier changed to `!ht'.

File: m20131208_01_plotSFINCSFortranAndMatlabNuScansForPaper_W7X.eps Graphic fi
le (type eps)
<m20131208_01_plotSFINCSFortranAndMatlabNuScansForPaper_W7X.eps>

LaTeX Warning: `!h' float specifier changed to `!ht'.

[21] [22] [23] (./sfincsPaper.bbl [24] [25] [26]) [27] (./sfincsPaper.aux) ) 
Here is how much of TeX's memory you used:
 3536 strings out of 495062
 43702 string characters out of 1182645
 111333 words of memory out of 3000000
 6676 multiletter control sequences out of 15000+50000
 17463 words of font info for 72 fonts, out of 3000000 for 9000
 28 hyphenation exceptions out of 8191
 38i,15n,29p,574b,399s stack positions out of 5000i,500n,10000p,200000b,50000s

Output written on sfincsPaper.dvi (27 pages, 100064 bytes).
